<?xml version="1.0" encoding="UTF-8"?>
<!-- Generated by org.testng.reporters.JUnitReportReporter -->
<testsuite name="superCalculator.CalculatorTest" tests="1" time="0.036" ignored="0" failures="0" timestamp="30 Nov 2017 02:33:05 GMT" skipped="0" hostname="DESKTOP-IF6CDAP" errors="0">
  <testcase name="testDisplay" time="0.036" classname="superCalculator.CalculatorTest"/>
</testsuite> <!-- superCalculator.CalculatorTest -->
