<?xml version="1.0" encoding="UTF-8"?>
<!-- Generated by org.testng.reporters.JUnitReportReporter -->
<testsuite name="vamshee.calculator.tests.TestAdd" tests="5" time="0.058" ignored="5" failures="0" timestamp="23 Nov 2017 21:41:32 GMT" skipped="0" hostname="DESKTOP-IF6CDAP" errors="0">
  <testcase name="testAddTwoPositiveIntegers" time="0.010" classname="vamshee.calculator.tests.TestAdd"/>
  <testcase name="testAddOnePositiveOneNegative" time="0.034" classname="vamshee.calculator.tests.TestAdd"/>
  <testcase name="testAddOnePositiveOneNegative" time="0.002" classname="vamshee.calculator.tests.TestAdd"/>
  <testcase name="testAddTwoZeros" time="0.008" classname="vamshee.calculator.tests.TestAdd"/>
  <testcase name="testAddTwoNegatives" time="0.004" classname="vamshee.calculator.tests.TestAdd"/>
  <testcase name="testAddTwoPositiveIntegers" classname="vamshee.calculator.tests.TestAdd">
    <skipped/>
  </testcase> <!-- testAddTwoPositiveIntegers -->
  <testcase name="test" classname="vamshee.calculator.tests.TestAdd">
    <skipped/>
  </testcase> <!-- test -->
  <testcase name="test" classname="vamshee.calculator.tests.TestAdd">
    <skipped/>
  </testcase> <!-- test -->
  <testcase name="testAddTwoNegatives" classname="vamshee.calculator.tests.TestAdd">
    <skipped/>
  </testcase> <!-- testAddTwoNegatives -->
  <testcase name="testAddTwoZeros" classname="vamshee.calculator.tests.TestAdd">
    <skipped/>
  </testcase> <!-- testAddTwoZeros -->
</testsuite> <!-- vamshee.calculator.tests.TestAdd -->
